[debug] [2020-10-31T10:46:09.395Z] ----------------------------------------------------------------------
[debug] [2020-10-31T10:46:09.410Z] Command:       C:\Program Files\nodejs\node.exe C:\Users\prace\AppData\Roaming\npm\node_modules\firebase-tools\lib\bin\firebase.js init
[debug] [2020-10-31T10:46:09.412Z] CLI Version:   8.12.1
[debug] [2020-10-31T10:46:09.412Z] Platform:      win32
[debug] [2020-10-31T10:46:09.412Z] Node Version:  v10.15.2
[debug] [2020-10-31T10:46:09.445Z] Time:          Sat Oct 31 2020 16:31:09 GMT+0545 (Nepal Time)
[debug] [2020-10-31T10:46:09.446Z] ----------------------------------------------------------------------
[debug] [2020-10-31T10:46:09.446Z] 
[debug] [2020-10-31T10:46:09.545Z] > command requires scopes: ["email","openid","https://www.googleapis.com/auth/cloudplatformprojects.readonly","https://www.googleapis.com/auth/firebase","https://www.googleapis.com/auth/cloud-platform"]
[debug] [2020-10-31T10:46:09.546Z] > authorizing via signed-in user
[info] 
     ######## #### ########  ######## ########     ###     ######  ########
     ##        ##  ##     ## ##       ##     ##  ##   ##  ##       ##
     ######    ##  ########  ######   ########  #########  ######  ######
     ##        ##  ##    ##  ##       ##     ## ##     ##       ## ##
     ##       #### ##     ## ######## ########  ##     ##  ######  ########

You're about to initialize a Firebase project in this directory:

  D:\websiteproject\my-project1

[info] 
=== Project Setup
[info] 
[info] First, let's associate this project directory with a Firebase project.
[info] You can create multiple project aliases by running firebase use --add, 
[info] but for now we'll just set up a default project.
[info] 
